c:\users\drw\source\repos\sfml-games\sfml-games\pong\circles\debug\vc141.pdb
c:\users\drw\source\repos\sfml-games\sfml-games\pong\circles\debug\vc141.idb
c:\users\drw\source\repos\sfml-games\sfml-games\pong\circles\debug\paddle.obj
c:\users\drw\source\repos\sfml-games\sfml-games\pong\circles\debug\main.obj
c:\users\drw\source\repos\sfml-games\sfml-games\pong\circles\debug\ball.obj
c:\users\drw\source\repos\sfml-games\sfml-games\pong\circles\debug\box.obj
c:\users\drw\source\repos\sfml-games\sfml-games\pong\circles\debug\game.obj
c:\users\drw\source\repos\sfml-games\sfml-games\pong\circles\debug\drwbehaviour.obj
c:\users\drw\source\repos\sfml-games\sfml-games\pong\debug\circles.exe
c:\users\drw\source\repos\sfml-games\sfml-games\pong\debug\circles.ilk
c:\users\drw\source\repos\sfml-games\sfml-games\pong\debug\circles.pdb
c:\users\drw\source\repos\sfml-games\sfml-games\pong\circles\debug\game.obj.enc
c:\users\drw\source\repos\sfml-games\sfml-games\pong\circles\debug\circles.tlog\cl.command.1.tlog
c:\users\drw\source\repos\sfml-games\sfml-games\pong\circles\debug\circles.tlog\cl.read.1.tlog
c:\users\drw\source\repos\sfml-games\sfml-games\pong\circles\debug\circles.tlog\cl.write.1.tlog
c:\users\drw\source\repos\sfml-games\sfml-games\pong\circles\debug\circles.tlog\link-cvtres.read.1.tlog
c:\users\drw\source\repos\sfml-games\sfml-games\pong\circles\debug\circles.tlog\link-cvtres.write.1.tlog
c:\users\drw\source\repos\sfml-games\sfml-games\pong\circles\debug\circles.tlog\link-rc.read.1.tlog
c:\users\drw\source\repos\sfml-games\sfml-games\pong\circles\debug\circles.tlog\link-rc.write.1.tlog
c:\users\drw\source\repos\sfml-games\sfml-games\pong\circles\debug\circles.tlog\link.21360-cvtres.read.1.tlog
c:\users\drw\source\repos\sfml-games\sfml-games\pong\circles\debug\circles.tlog\link.21360-cvtres.write.1.tlog
c:\users\drw\source\repos\sfml-games\sfml-games\pong\circles\debug\circles.tlog\link.21360-rc.read.1.tlog
c:\users\drw\source\repos\sfml-games\sfml-games\pong\circles\debug\circles.tlog\link.21360-rc.write.1.tlog
c:\users\drw\source\repos\sfml-games\sfml-games\pong\circles\debug\circles.tlog\link.21360.read.1.tlog
c:\users\drw\source\repos\sfml-games\sfml-games\pong\circles\debug\circles.tlog\link.21360.write.1.tlog
c:\users\drw\source\repos\sfml-games\sfml-games\pong\circles\debug\circles.tlog\link.command.1.tlog
c:\users\drw\source\repos\sfml-games\sfml-games\pong\circles\debug\circles.tlog\link.read.1.tlog
c:\users\drw\source\repos\sfml-games\sfml-games\pong\circles\debug\circles.tlog\link.write.1.tlog
